(200, 808)
(200, 1152)
(200, 808)
(200, 808)
(200, 808)
完整的 DataFrame:
   time  lipid  phase     scd   area
0     0      0    1.0  0.3655  50.00
1     0      1    0.0  0.3627  42.29
2     0      2    0.0  0.2965  46.63
3     0      3    0.0  0.4169  45.52
4     0      4    0.0  0.3526  60.13

ld 相态的前几行:
   time  lipid  phase     scd   area
1     0      1    0.0  0.3627  42.29
2     0      2    0.0  0.2965  46.63
3     0      3    0.0  0.4169  45.52
4     0      4    0.0  0.3526  60.13
5     0      5    0.0  0.3435  56.89

lo 相态的前几行:
    time  lipid  phase     scd   area
0      0      0    1.0  0.3655  50.00
6      0      6    1.0  0.3717  53.97
7      0      7    1.0  0.3609  52.80
8      0      8    1.0  0.3339  47.07
10     0     10    1.0  0.4059  42.89
(200, 808)
(200, 1152)
(200, 808)
(200, 808)
(200, 808)
完整的 DataFrame:
   time  lipid  phase     scd   area
0     0      0    1.0  0.4377  46.29
1     0      1    1.0  0.3739  55.32
2     0      2    1.0  0.3828  41.89
3     0      3    1.0  0.3549  51.32
4     0      4    1.0  0.3833  48.44

ld 相态的前几行:
    time  lipid  phase     scd   area
7      0      7    0.0  0.3660  49.47
8      0      8    0.0  0.3386  37.91
9      0      9    0.0  0.2976  45.12
13     0     13    0.0  0.3157  49.48
14     0     14    0.0  0.3072  52.19

lo 相态的前几行:
   time  lipid  phase     scd   area
0     0      0    1.0  0.4377  46.29
1     0      1    1.0  0.3739  55.32
2     0      2    1.0  0.3828  41.89
3     0      3    1.0  0.3549  51.32
4     0      4    1.0  0.3833  48.44
(200, 1152)
(200, 1152)
(200, 1152)
完整的 DataFrame:
   time  lipid  phase     scd   area
0     0      0    1.0  0.3712  45.76
1     0      1    1.0  0.4408  44.77
2     0      2    1.0  0.3868  39.03
3     0      3    1.0  0.3775  53.74
4     0      4    1.0  0.3619  45.81

ld 相态的前几行:
    time  lipid  phase     scd   area
8      0      8    0.0  0.2499  59.93
9      0      9    0.0  0.1760  58.20
15     0     15    0.0  0.2313  46.59
21     0     21    0.0  0.2408  68.75
22     0     22    0.0  0.1712  82.67

lo 相态的前几行:
   time  lipid  phase     scd   area
0     0      0    1.0  0.3712  45.76
1     0      1    1.0  0.4408  44.77
2     0      2    1.0  0.3868  39.03
3     0      3    1.0  0.3775  53.74
4     0      4    1.0  0.3619  45.81
