(200, 1152)
(200, 1152)
(200, 1152)
完整的 DataFrame:
   time  lipid  phase     scd   area
0     0      0    1.0  0.4741  38.99
1     0      1    1.0  0.3926  40.39
2     0      2    0.0  0.1957  48.52
3     0      3    0.0  0.0857  59.30
4     0      4    1.0  0.3900  37.95

ld 相态的前几行:
    time  lipid  phase     scd   area
2      0      2    0.0  0.1957  48.52
3      0      3    0.0  0.0857  59.30
7      0      7    0.0  0.0669  72.82
8      0      8    0.0  0.3236  40.76
11     0     11    0.0  0.0554  74.55

lo 相态的前几行:
   time  lipid  phase     scd   area
0     0      0    1.0  0.4741  38.99
1     0      1    1.0  0.3926  40.39
4     0      4    1.0  0.3900  37.95
5     0      5    1.0  0.4118  40.40
6     0      6    1.0  0.4215  40.33
