(200, 808)
(200, 1152)
(200, 808)
(200, 808)
(200, 808)
完整的 DataFrame:
   time  lipid  phase     scd   area
0     0      0    0.0  0.3655  50.00
1     0      1    1.0  0.3627  42.29
2     0      2    1.0  0.2965  46.63
3     0      3    1.0  0.4169  45.52
4     0      4    0.0  0.3526  60.13

ld 相态的前几行:
    time  lipid  phase     scd   area
0      0      0    0.0  0.3655  50.00
4      0      4    0.0  0.3526  60.13
5      0      5    0.0  0.3435  56.89
9      0      9    0.0  0.2196  50.81
11     0     11    0.0  0.3809  48.28

lo 相态的前几行:
   time  lipid  phase     scd   area
1     0      1    1.0  0.3627  42.29
2     0      2    1.0  0.2965  46.63
3     0      3    1.0  0.4169  45.52
6     0      6    1.0  0.3717  53.97
7     0      7    1.0  0.3609  52.80
