(200, 512)
(200, 512)
(200, 512)
(200, 360)
完整的 DataFrame:
   time  lipid  phase     scd   area
0     0      0    1.0  0.3767  43.72
1     0      1    1.0  0.3646  42.10
2     0      2    1.0  0.3977  49.22
3     0      3    0.0  0.3986  43.66
4     0      4    0.0  0.3566  55.18

ld 相态的前几行:
    time  lipid  phase     scd   area
3      0      3    0.0  0.3986  43.66
4      0      4    0.0  0.3566  55.18
5      0      5    0.0  0.3011  58.77
10     0     10    0.0  0.3412  53.48
14     0     14    0.0  0.3827  48.04

lo 相态的前几行:
   time  lipid  phase     scd   area
0     0      0    1.0  0.3767  43.72
1     0      1    1.0  0.3646  42.10
2     0      2    1.0  0.3977  49.22
6     0      6    1.0  0.3119  54.62
7     0      7    1.0  0.3505  49.00
